2018-11-27 22:44:51 INFO  Bank:22 -  New bank : Alpha
2018-11-27 22:45:02 INFO  Bank:22 -  New bank : Aliance
2018-11-27 22:45:20 INFO  Bank:22 -  New bank : Idea
2018-11-27 22:46:10 INFO  Bank:22 -  New bank : PUMB
2018-11-27 22:47:09 INFO  Bank:22 -  New bank : PrivatBank
2018-11-27 22:54:17 INFO  Credit:31 -  New Credit : [ creditType : consumer, interestRate : 15.0, loanTerm : 60, loanAmount : 100000, isEarlyRepayment : false, isLineCreditExtension : false]
2018-11-27 23:03:50 INFO  Credit:31 -  New Credit : [ creditType : commercial, interestRate : 21.97, loanTerm : 12, loanAmount : 500000, isEarlyRepayment : false, isLineCreditExtension : true]
2018-11-27 23:05:12 INFO  Credit:31 -  New Credit : [ creditType : mortgage, interestRate : 22.25, loanTerm : 120, loanAmount : 2000000, isEarlyRepayment : true, isLineCreditExtension : true]
2018-11-27 23:06:42 INFO  Credit:31 -  New Credit : [ creditType : leasing, interestRate : 15.74, loanTerm : 48, loanAmount : 400000, isEarlyRepayment : true, isLineCreditExtension : false]
2018-11-27 23:09:48 INFO  Credit:31 -  New Credit : [ creditType : leasing, interestRate : 20.32, loanTerm : 60, loanAmount : 5000000, isEarlyRepayment : false, isLineCreditExtension : false]
2018-11-27 23:11:32 INFO  Credit:21 -  Credit deleted : [bank name : Alpha; credit type : leasing]
2018-11-27 23:11:43 INFO  Credit:21 -  Credit deleted : [bank name : Alpha; credit type : leasing]
2018-11-27 23:13:08 INFO  Credit:31 -  New Credit : [ creditType : leasing, interestRate : 15.74, loanTerm : 48, loanAmount : 400000, isEarlyRepayment : true, isLineCreditExtension : false]
2018-11-27 23:13:22 INFO  Credit:31 -  New Credit : [ creditType : international, interestRate : 20.32, loanTerm : 60, loanAmount : 5000000, isEarlyRepayment : false, isLineCreditExtension : false]
2018-11-27 23:19:07 INFO  Credit:31 -  New Credit : [ creditType : consumer, interestRate : 12.5, loanTerm : 72, loanAmount : 80000, isEarlyRepayment : false, isLineCreditExtension : false]
2018-11-27 23:19:52 INFO  Credit:31 -  New Credit : [ creditType : commercial, interestRate : 20.05, loanTerm : 24, loanAmount : 600000, isEarlyRepayment : true, isLineCreditExtension : true]
2018-11-27 23:20:41 INFO  Credit:31 -  New Credit : [ creditType : mortgage, interestRate : 24.0, loanTerm : 100, loanAmount : 1800000, isEarlyRepayment : true, isLineCreditExtension : true]
2018-11-27 23:21:27 INFO  Credit:31 -  New Credit : [ creditType : leasing, interestRate : 17.25, loanTerm : 60, loanAmount : 500000, isEarlyRepayment : false, isLineCreditExtension : false]
2018-11-27 23:22:43 INFO  Credit:31 -  New Credit : [ creditType : international, interestRate : 21.2, loanTerm : 60, loanAmount : 7000000, isEarlyRepayment : false, isLineCreditExtension : false]
2018-11-27 23:28:55 INFO  Credit:31 -  New Credit : [ creditType : consumer, interestRate : 10.0, loanTerm : 48, loanAmount : 120000, isEarlyRepayment : false, isLineCreditExtension : true]
2018-11-27 23:29:36 INFO  Credit:31 -  New Credit : [ creditType : commercial, interestRate : 18.0, loanTerm : 18, loanAmount : 720000, isEarlyRepayment : true, isLineCreditExtension : true]
2018-11-27 23:30:37 INFO  Credit:31 -  New Credit : [ creditType : mortgage, interestRate : 22.0, loanTerm : 144, loanAmount : 2500000, isEarlyRepayment : true, isLineCreditExtension : true]
2018-11-27 23:31:10 INFO  Credit:31 -  New Credit : [ creditType : leasing, interestRate : 15.0, loanTerm : 50, loanAmount : 450000, isEarlyRepayment : true, isLineCreditExtension : false]
2018-11-27 23:31:50 INFO  Credit:31 -  New Credit : [ creditType : international, interestRate : 24.0, loanTerm : 72, loanAmount : 5500000, isEarlyRepayment : false, isLineCreditExtension : false]
2018-11-27 23:33:31 INFO  Credit:31 -  New Credit : [ creditType : consumer, interestRate : 8.0, loanTerm : 24, loanAmount : 60000, isEarlyRepayment : false, isLineCreditExtension : false]
2018-11-27 23:34:14 INFO  Credit:31 -  New Credit : [ creditType : commercial, interestRate : 22.75, loanTerm : 24, loanAmount : 600000, isEarlyRepayment : false, isLineCreditExtension : true]
2018-11-27 23:35:24 INFO  Credit:31 -  New Credit : [ creditType : mortgage, interestRate : 19.8, loanTerm : 120, loanAmount : 3000000, isEarlyRepayment : true, isLineCreditExtension : true]
2018-11-27 23:36:09 INFO  Credit:31 -  New Credit : [ creditType : consumer, interestRate : 12.5, loanTerm : 24, loanAmount : 100000, isEarlyRepayment : true, isLineCreditExtension : true]
2018-11-27 23:36:59 INFO  Credit:31 -  New Credit : [ creditType : mortgage, interestRate : 19.5, loanTerm : 96, loanAmount : 4000000, isEarlyRepayment : true, isLineCreditExtension : false]
2018-11-27 23:37:44 INFO  Credit:31 -  New Credit : [ creditType : international, interestRate : 22.0, loanTerm : 36, loanAmount : 7000000, isEarlyRepayment : false, isLineCreditExtension : false]
2018-11-27 23:44:13 INFO  Client:24 -  New client : [bank : Alpha; name : TarasShevchenko]
2018-11-27 23:44:24 INFO  Client:24 -  New client : [bank : Alpha; name : LinaKostenko]
2018-11-27 23:45:08 INFO  Client:24 -  New client : [bank : Aliance; name : LesyaUkrainka]
2018-11-27 23:45:38 INFO  Client:24 -  New client : [bank : Idea; name : PavloTychyna]
2018-11-27 23:45:55 INFO  Client:24 -  New client : [bank : Idea; name : IvanFranko]
2018-11-27 23:47:19 INFO  Client:24 -  New client : [bank : PUMB; name : BillGates]
2018-11-27 23:47:55 INFO  Client:24 -  New client : [bank : PUMB; name : GabeNewell]
2018-11-27 23:48:30 INFO  Client:24 -  New client : [bank : PrivatBank; name : LinusTorvalds]
2018-11-27 23:51:32 INFO  Client:24 -  New client : [bank : PrivatBank; name : MarkZuckerberg]
2018-11-27 23:52:06 INFO  Client:24 -  New client : [bank : PrivatBank; name : OlexaSkorohoda]
2018-11-29 19:19:19 INFO  Credit:21 -  Credit deleted : [bank name : Idea; credit type : dqwdwqdq]
2018-11-29 19:19:55 INFO  Credit:21 -  Credit deleted : [bank name : Idea; credit type : dqdqwdqwdwq]
2018-11-29 19:20:58 INFO  Credit:22 -  Credit deleted : [bank name : Idea; credit type : qwdqwdwdw]
2018-11-29 19:21:45 INFO  Credit:22 -  Credit deleted : [bank name : Idea; credit type : dqwdqsd]
2018-11-29 19:22:40 INFO  Credit:22 -  Credit deleted : [bank name : Idea; credit type : dqdqdqdqwd]
